This file contains any messages produced by compilers while
running configure, to aid debugging if configure makes a mistake.

It was created by gnemo configure 0.1, which was
generated by GNU Autoconf 2.69.  Invocation command line was

  $ /home/david/Mine/programming/gtk/testing/Gnemo/configure --enable-maintainer-mode CFLAGS=-g -O0 CXXFLAGS=-g -O0 JFLAGS=-g -O0 FFLAGS=-g -O0

## --------- ##
## Platform. ##
## --------- ##

hostname = david
uname -m = i686
uname -r = 3.5.0-41-generic
uname -s = Linux
uname -v = #64-Ubuntu SMP Wed Sep 11 15:40:48 UTC 2013

/usr/bin/uname -p = unknown
/bin/uname -X     = unknown

/bin/arch              = unknown
/usr/bin/arch -k       = unknown
/usr/convex/getsysinfo = unknown
/usr/bin/hostinfo      = unknown
/bin/machine           = unknown
/usr/bin/oslevel       = unknown
/bin/universe          = unknown

PATH: /usr/lib/lightdm/lightdm
PATH: /usr/local/sbin
PATH: /usr/local/bin
PATH: /usr/sbin
PATH: /usr/bin
PATH: /sbin
PATH: /bin
PATH: /usr/games
PATH: /usr/local/games


## ----------- ##
## Core tests. ##
## ----------- ##

configure:2312: checking for a BSD-compatible install
configure:2380: result: /usr/bin/install -c
configure:2391: checking whether build environment is sane
configure:2441: result: yes
configure:2582: checking for a thread-safe mkdir -p
configure:2621: result: /bin/mkdir -p
configure:2634: checking for gawk
configure:2650: found /usr/bin/gawk
configure:2661: result: gawk
configure:2672: checking whether make sets $(MAKE)
configure:2694: result: yes
configure:2786: checking whether make supports nested variables
configure:2803: result: yes
configure:2863: checking for gcc
configure:2879: found /usr/bin/gcc
configure:2890: result: gcc
configure:3119: checking for C compiler version
configure:3128: gcc --version >&5
gcc (Ubuntu/Linaro 4.7.2-2ubuntu1) 4.7.2
Copyright (C) 2012 Free Software Foundation, Inc.
This is free software; see the source for copying conditions.  There is NO
warranty; not even for MERCHANTABILITY or FITNESS FOR A PARTICULAR PURPOSE.

configure:3139: $? = 0
configure:3128: gcc -v >&5
Using built-in specs.
COLLECT_GCC=gcc
COLLECT_LTO_WRAPPER=/usr/lib/gcc/i686-linux-gnu/4.7/lto-wrapper
Target: i686-linux-gnu
Configured with: ../src/configure -v --with-pkgversion='Ubuntu/Linaro 4.7.2-2ubuntu1' --with-bugurl=file:///usr/share/doc/gcc-4.7/README.Bugs --enable-languages=c,c++,go,fortran,objc,obj-c++ --prefix=/usr --program-suffix=-4.7 --enable-shared --enable-linker-build-id --with-system-zlib --libexecdir=/usr/lib --without-included-gettext --enable-threads=posix --with-gxx-include-dir=/usr/include/c++/4.7 --libdir=/usr/lib --enable-nls --with-sysroot=/ --enable-clocale=gnu --enable-libstdcxx-debug --enable-libstdcxx-time=yes --enable-gnu-unique-object --enable-plugin --enable-objc-gc --enable-targets=all --disable-werror --with-arch-32=i686 --with-tune=generic --enable-checking=release --build=i686-linux-gnu --host=i686-linux-gnu --target=i686-linux-gnu
Thread model: posix
gcc version 4.7.2 (Ubuntu/Linaro 4.7.2-2ubuntu1) 
configure:3139: $? = 0
configure:3128: gcc -V >&5
gcc: error: unrecognized command line option '-V'
gcc: fatal error: no input files
compilation terminated.
configure:3139: $? = 4
configure:3128: gcc -qversion >&5
gcc: error: unrecognized command line option '-qversion'
gcc: fatal error: no input files
compilation terminated.
configure:3139: $? = 4
configure:3159: checking whether the C compiler works
configure:3181: gcc -g -O0   conftest.c  >&5
configure:3185: $? = 0
configure:3233: result: yes
configure:3236: checking for C compiler default output file name
configure:3238: result: a.out
configure:3244: checking for suffix of executables
configure:3251: gcc -o conftest -g -O0   conftest.c  >&5
configure:3255: $? = 0
configure:3277: result: 
configure:3299: checking whether we are cross compiling
configure:3307: gcc -o conftest -g -O0   conftest.c  >&5
configure:3311: $? = 0
configure:3318: ./conftest
configure:3322: $? = 0
configure:3337: result: no
configure:3342: checking for suffix of object files
configure:3364: gcc -c -g -O0  conftest.c >&5
configure:3368: $? = 0
configure:3389: result: o
configure:3393: checking whether we are using the GNU C compiler
configure:3412: gcc -c -g -O0  conftest.c >&5
configure:3412: $? = 0
configure:3421: result: yes
configure:3430: checking whether gcc accepts -g
configure:3450: gcc -c -g  conftest.c >&5
configure:3450: $? = 0
configure:3491: result: yes
configure:3508: checking for gcc option to accept ISO C89
configure:3571: gcc  -c -g -O0  conftest.c >&5
configure:3571: $? = 0
configure:3584: result: none needed
configure:3615: checking for style of include used by make
configure:3643: result: GNU
configure:3669: checking dependency style of gcc
configure:3780: result: gcc3
configure:3800: checking whether NLS is requested
configure:3809: result: yes
configure:3828: checking for intltool >= 0.35.0
configure:3830: result: 0.50.2 found
configure:3838: checking for intltool-update
configure:3856: found /usr/bin/intltool-update
configure:3868: result: /usr/bin/intltool-update
configure:3878: checking for intltool-merge
configure:3896: found /usr/bin/intltool-merge
configure:3908: result: /usr/bin/intltool-merge
configure:3918: checking for intltool-extract
configure:3936: found /usr/bin/intltool-extract
configure:3948: result: /usr/bin/intltool-extract
configure:4102: checking for xgettext
configure:4120: found /usr/bin/xgettext
configure:4132: result: /usr/bin/xgettext
configure:4142: checking for msgmerge
configure:4160: found /usr/bin/msgmerge
configure:4172: result: /usr/bin/msgmerge
configure:4182: checking for msgfmt
configure:4200: found /usr/bin/msgfmt
configure:4212: result: /usr/bin/msgfmt
configure:4222: checking for gmsgfmt
configure:4253: result: /usr/bin/msgfmt
configure:4273: checking for perl
configure:4291: found /usr/bin/perl
configure:4303: result: /usr/bin/perl
configure:4314: checking for perl >= 5.8.1
configure:4321: result: 5.14.2
configure:4325: checking for XML::Parser
configure:4328: result: ok
configure:4353: gcc -o conftest -g -O0   conftest.c  >&5
configure:4353: $? = 0
configure:4393: checking how to run the C preprocessor
configure:4424: gcc -E  conftest.c
configure:4424: $? = 0
configure:4438: gcc -E  conftest.c
conftest.c:12:28: fatal error: ac_nonexistent.h: No such file or directory
compilation terminated.
configure:4438: $? = 1
configure: failed program was:
| /* confdefs.h */
| #define PACKAGE_NAME "gnemo"
| #define PACKAGE_TARNAME "gnemo"
| #define PACKAGE_VERSION "0.1"
| #define PACKAGE_STRING "gnemo 0.1"
| #define PACKAGE_BUGREPORT ""
| #define PACKAGE_URL ""
| #define PACKAGE "gnemo"
| #define VERSION "0.1"
| #define GETTEXT_PACKAGE "gnemo"
| /* end confdefs.h.  */
| #include <ac_nonexistent.h>
configure:4463: result: gcc -E
configure:4483: gcc -E  conftest.c
configure:4483: $? = 0
configure:4497: gcc -E  conftest.c
conftest.c:12:28: fatal error: ac_nonexistent.h: No such file or directory
compilation terminated.
configure:4497: $? = 1
configure: failed program was:
| /* confdefs.h */
| #define PACKAGE_NAME "gnemo"
| #define PACKAGE_TARNAME "gnemo"
| #define PACKAGE_VERSION "0.1"
| #define PACKAGE_STRING "gnemo 0.1"
| #define PACKAGE_BUGREPORT ""
| #define PACKAGE_URL ""
| #define PACKAGE "gnemo"
| #define VERSION "0.1"
| #define GETTEXT_PACKAGE "gnemo"
| /* end confdefs.h.  */
| #include <ac_nonexistent.h>
configure:4526: checking for grep that handles long lines and -e
configure:4584: result: /bin/grep
configure:4589: checking for egrep
configure:4651: result: /bin/grep -E
configure:4656: checking for ANSI C header files
configure:4676: gcc -c -g -O0  conftest.c >&5
configure:4676: $? = 0
configure:4749: gcc -o conftest -g -O0   conftest.c  >&5
configure:4749: $? = 0
configure:4749: ./conftest
configure:4749: $? = 0
configure:4760: result: yes
configure:4773: checking for sys/types.h
configure:4773: gcc -c -g -O0  conftest.c >&5
configure:4773: $? = 0
configure:4773: result: yes
configure:4773: checking for sys/stat.h
configure:4773: gcc -c -g -O0  conftest.c >&5
configure:4773: $? = 0
configure:4773: result: yes
configure:4773: checking for stdlib.h
configure:4773: gcc -c -g -O0  conftest.c >&5
configure:4773: $? = 0
configure:4773: result: yes
configure:4773: checking for string.h
configure:4773: gcc -c -g -O0  conftest.c >&5
configure:4773: $? = 0
configure:4773: result: yes
configure:4773: checking for memory.h
configure:4773: gcc -c -g -O0  conftest.c >&5
configure:4773: $? = 0
configure:4773: result: yes
configure:4773: checking for strings.h
configure:4773: gcc -c -g -O0  conftest.c >&5
configure:4773: $? = 0
configure:4773: result: yes
configure:4773: checking for inttypes.h
configure:4773: gcc -c -g -O0  conftest.c >&5
configure:4773: $? = 0
configure:4773: result: yes
configure:4773: checking for stdint.h
configure:4773: gcc -c -g -O0  conftest.c >&5
configure:4773: $? = 0
configure:4773: result: yes
configure:4773: checking for unistd.h
configure:4773: gcc -c -g -O0  conftest.c >&5
configure:4773: $? = 0
configure:4773: result: yes
configure:4788: checking locale.h usability
configure:4788: gcc -c -g -O0  conftest.c >&5
configure:4788: $? = 0
configure:4788: result: yes
configure:4788: checking locale.h presence
configure:4788: gcc -E  conftest.c
configure:4788: $? = 0
configure:4788: result: yes
configure:4788: checking for locale.h
configure:4788: result: yes
configure:4799: checking for LC_MESSAGES
configure:4815: gcc -o conftest -g -O0   conftest.c  >&5
configure:4815: $? = 0
configure:4823: result: yes
configure:4840: checking libintl.h usability
configure:4840: gcc -c -g -O0  conftest.c >&5
configure:4840: $? = 0
configure:4840: result: yes
configure:4840: checking libintl.h presence
configure:4840: gcc -E  conftest.c
configure:4840: $? = 0
configure:4840: result: yes
configure:4840: checking for libintl.h
configure:4840: result: yes
configure:4848: checking for ngettext in libc
configure:4866: gcc -o conftest -g -O0   conftest.c  >&5
configure:4866: $? = 0
configure:4875: result: yes
configure:4879: checking for dgettext in libc
configure:4897: gcc -o conftest -g -O0   conftest.c  >&5
configure:4897: $? = 0
configure:4906: result: yes
configure:4913: checking for bind_textdomain_codeset
configure:4913: gcc -o conftest -g -O0   conftest.c  >&5
configure:4913: $? = 0
configure:4913: result: yes
configure:5189: checking for msgfmt
configure:5216: result: /usr/bin/msgfmt
configure:5227: checking for dcgettext
configure:5227: gcc -o conftest -g -O0   conftest.c   >&5
conftest.c:49:6: warning: conflicting types for built-in function 'dcgettext' [enabled by default]
configure:5227: $? = 0
configure:5227: result: yes
configure:5237: checking if msgfmt accepts -c
configure:5252: $MSGFMT -c -o /dev/null conftest.foo
configure:5255: $? = 0
configure:5257: result: yes
configure:5267: checking for gmsgfmt
configure:5298: result: /usr/bin/msgfmt
configure:5308: checking for xgettext
configure:5335: result: /usr/bin/xgettext
configure:5354: gcc -o conftest -g -O0   conftest.c   >&5
configure:5354: $? = 0
configure:5525: checking build system type
configure:5539: result: i686-pc-linux-gnu
configure:5559: checking host system type
configure:5572: result: i686-pc-linux-gnu
configure:5613: checking how to print strings
configure:5640: result: printf
configure:5661: checking for a sed that does not truncate output
configure:5725: result: /bin/sed
configure:5743: checking for fgrep
configure:5805: result: /bin/grep -F
configure:5840: checking for ld used by gcc
configure:5907: result: /usr/bin/ld
configure:5914: checking if the linker (/usr/bin/ld) is GNU ld
configure:5929: result: yes
configure:5941: checking for BSD- or MS-compatible name lister (nm)
configure:5990: result: /usr/bin/nm -B
configure:6120: checking the name lister (/usr/bin/nm -B) interface
configure:6127: gcc -c -g -O0  conftest.c >&5
configure:6130: /usr/bin/nm -B "conftest.o"
configure:6133: output
00000000 B some_variable
configure:6140: result: BSD nm
configure:6143: checking whether ln -s works
configure:6147: result: yes
configure:6155: checking the maximum length of command line arguments
configure:6285: result: 1572864
configure:6302: checking whether the shell understands some XSI constructs
configure:6312: result: yes
configure:6316: checking whether the shell understands "+="
configure:6322: result: yes
configure:6357: checking how to convert i686-pc-linux-gnu file names to i686-pc-linux-gnu format
configure:6397: result: func_convert_file_noop
configure:6404: checking how to convert i686-pc-linux-gnu file names to toolchain format
configure:6424: result: func_convert_file_noop
configure:6431: checking for /usr/bin/ld option to reload object files
configure:6438: result: -r
configure:6512: checking for objdump
configure:6528: found /usr/bin/objdump
configure:6539: result: objdump
configure:6571: checking how to recognize dependent libraries
configure:6773: result: pass_all
configure:6858: checking for dlltool
configure:6888: result: no
configure:6918: checking how to associate runtime and link libraries
configure:6945: result: printf %s\n
configure:7005: checking for ar
configure:7021: found /usr/bin/ar
configure:7032: result: ar
configure:7069: checking for archiver @FILE support
configure:7086: gcc -c -g -O0  conftest.c >&5
configure:7086: $? = 0
configure:7089: ar cru libconftest.a @conftest.lst >&5
configure:7092: $? = 0
configure:7097: ar cru libconftest.a @conftest.lst >&5
ar: conftest.o: No such file or directory
configure:7100: $? = 1
configure:7112: result: @
configure:7170: checking for strip
configure:7186: found /usr/bin/strip
configure:7197: result: strip
configure:7269: checking for ranlib
configure:7285: found /usr/bin/ranlib
configure:7296: result: ranlib
configure:7398: checking command to parse /usr/bin/nm -B output from gcc object
configure:7518: gcc -c -g -O0  conftest.c >&5
configure:7521: $? = 0
configure:7525: /usr/bin/nm -B conftest.o \| sed -n -e 's/^.*[ ]\([ABCDGIRSTW][ABCDGIRSTW]*\)[ ][ ]*\([_A-Za-z][_A-Za-z0-9]*\)$/\1 \2 \2/p' | sed '/ __gnu_lto/d' \> conftest.nm
configure:7528: $? = 0
configure:7594: gcc -o conftest -g -O0   conftest.c conftstm.o >&5
configure:7597: $? = 0
configure:7635: result: ok
configure:7672: checking for sysroot
configure:7702: result: no
configure:7958: checking for mt
configure:7974: found /bin/mt
configure:7985: result: mt
configure:8008: checking if mt is a manifest tool
configure:8014: mt '-?'
configure:8022: result: no
configure:8661: checking for dlfcn.h
configure:8661: gcc -c -g -O0  conftest.c >&5
configure:8661: $? = 0
configure:8661: result: yes
configure:8867: checking for objdir
configure:8882: result: .libs
configure:9149: checking if gcc supports -fno-rtti -fno-exceptions
configure:9167: gcc -c -g -O0  -fno-rtti -fno-exceptions conftest.c >&5
cc1: warning: command line option '-fno-rtti' is valid for C++/ObjC++ but not for C [enabled by default]
configure:9171: $? = 0
configure:9184: result: no
configure:9511: checking for gcc option to produce PIC
configure:9518: result: -fPIC -DPIC
configure:9526: checking if gcc PIC flag -fPIC -DPIC works
configure:9544: gcc -c -g -O0  -fPIC -DPIC -DPIC conftest.c >&5
configure:9548: $? = 0
configure:9561: result: yes
configure:9590: checking if gcc static flag -static works
configure:9618: result: yes
configure:9633: checking if gcc supports -c -o file.o
configure:9654: gcc -c -g -O0  -o out/conftest2.o conftest.c >&5
configure:9658: $? = 0
configure:9680: result: yes
configure:9688: checking if gcc supports -c -o file.o
configure:9735: result: yes
configure:9768: checking whether the gcc linker (/usr/bin/ld) supports shared libraries
configure:10925: result: yes
configure:10962: checking whether -lc should be explicitly linked in
configure:10970: gcc -c -g -O0  conftest.c >&5
configure:10973: $? = 0
configure:10988: gcc -shared  -fPIC -DPIC conftest.o  -v -Wl,-soname -Wl,conftest -o conftest 2\>\&1 \| /bin/grep  -lc  \>/dev/null 2\>\&1
configure:10991: $? = 0
configure:11005: result: no
configure:11165: checking dynamic linker characteristics
configure:11676: gcc -o conftest -g -O0   -Wl,-rpath -Wl,/foo conftest.c  >&5
configure:11676: $? = 0
configure:11910: result: GNU/Linux ld.so
configure:12017: checking how to hardcode library paths into programs
configure:12042: result: immediate
configure:12582: checking whether stripping libraries is possible
configure:12587: result: yes
configure:12622: checking if libtool supports shared libraries
configure:12624: result: yes
configure:12627: checking whether to build shared libraries
configure:12648: result: yes
configure:12651: checking whether to build static libraries
configure:12655: result: yes
configure:12749: checking for pkg-config
configure:12767: found /usr/bin/pkg-config
configure:12779: result: /usr/bin/pkg-config
configure:12804: checking pkg-config is at least version 0.9.0
configure:12807: result: yes
configure:12817: checking for GNEMO
configure:12824: $PKG_CONFIG --exists --print-errors "gtk+-3.0 "
configure:12827: $? = 0
configure:12841: $PKG_CONFIG --exists --print-errors "gtk+-3.0 "
configure:12844: $? = 0
configure:12902: result: yes
configure:13046: creating ./config.status

## ---------------------- ##
## Running config.status. ##
## ---------------------- ##

This file was extended by gnemo config.status 0.1, which was
generated by GNU Autoconf 2.69.  Invocation command line was

  CONFIG_FILES    = 
  CONFIG_HEADERS  = 
  CONFIG_LINKS    = 
  CONFIG_COMMANDS = 
  $ ./config.status 

on david

config.status:1166: creating Makefile
config.status:1166: creating src/Makefile
config.status:1166: creating po/Makefile.in
config.status:1166: creating config.h
config.status:1380: executing depfiles commands
config.status:1380: executing default-1 commands
config.status:1380: executing libtool commands
config.status:1380: executing po/stamp-it commands
configure:15296: WARNING: unrecognized options: --enable-maintainer-mode

## ---------------- ##
## Cache variables. ##
## ---------------- ##

ac_cv_build=i686-pc-linux-gnu
ac_cv_c_compiler_gnu=yes
ac_cv_env_CC_set=
ac_cv_env_CC_value=
ac_cv_env_CFLAGS_set=set
ac_cv_env_CFLAGS_value='-g -O0'
ac_cv_env_CPPFLAGS_set=
ac_cv_env_CPPFLAGS_value=
ac_cv_env_CPP_set=
ac_cv_env_CPP_value=
ac_cv_env_GNEMO_CFLAGS_set=
ac_cv_env_GNEMO_CFLAGS_value=
ac_cv_env_GNEMO_LIBS_set=
ac_cv_env_GNEMO_LIBS_value=
ac_cv_env_LDFLAGS_set=
ac_cv_env_LDFLAGS_value=
ac_cv_env_LIBS_set=
ac_cv_env_LIBS_value=
ac_cv_env_PKG_CONFIG_LIBDIR_set=
ac_cv_env_PKG_CONFIG_LIBDIR_value=
ac_cv_env_PKG_CONFIG_PATH_set=
ac_cv_env_PKG_CONFIG_PATH_value=
ac_cv_env_PKG_CONFIG_set=
ac_cv_env_PKG_CONFIG_value=
ac_cv_env_build_alias_set=
ac_cv_env_build_alias_value=
ac_cv_env_host_alias_set=
ac_cv_env_host_alias_value=
ac_cv_env_target_alias_set=
ac_cv_env_target_alias_value=
ac_cv_func_bind_textdomain_codeset=yes
ac_cv_func_dcgettext=yes
ac_cv_header_dlfcn_h=yes
ac_cv_header_inttypes_h=yes
ac_cv_header_libintl_h=yes
ac_cv_header_locale_h=yes
ac_cv_header_memory_h=yes
ac_cv_header_stdc=yes
ac_cv_header_stdint_h=yes
ac_cv_header_stdlib_h=yes
ac_cv_header_string_h=yes
ac_cv_header_strings_h=yes
ac_cv_header_sys_stat_h=yes
ac_cv_header_sys_types_h=yes
ac_cv_header_unistd_h=yes
ac_cv_host=i686-pc-linux-gnu
ac_cv_objext=o
ac_cv_path_EGREP='/bin/grep -E'
ac_cv_path_FGREP='/bin/grep -F'
ac_cv_path_GMSGFMT=/usr/bin/msgfmt
ac_cv_path_GREP=/bin/grep
ac_cv_path_INTLTOOL_EXTRACT=/usr/bin/intltool-extract
ac_cv_path_INTLTOOL_MERGE=/usr/bin/intltool-merge
ac_cv_path_INTLTOOL_PERL=/usr/bin/perl
ac_cv_path_INTLTOOL_UPDATE=/usr/bin/intltool-update
ac_cv_path_MSGFMT=/usr/bin/msgfmt
ac_cv_path_MSGMERGE=/usr/bin/msgmerge
ac_cv_path_SED=/bin/sed
ac_cv_path_XGETTEXT=/usr/bin/xgettext
ac_cv_path_ac_pt_PKG_CONFIG=/usr/bin/pkg-config
ac_cv_path_install='/usr/bin/install -c'
ac_cv_path_mkdir=/bin/mkdir
ac_cv_prog_AWK=gawk
ac_cv_prog_CPP='gcc -E'
ac_cv_prog_ac_ct_AR=ar
ac_cv_prog_ac_ct_CC=gcc
ac_cv_prog_ac_ct_MANIFEST_TOOL=mt
ac_cv_prog_ac_ct_OBJDUMP=objdump
ac_cv_prog_ac_ct_RANLIB=ranlib
ac_cv_prog_ac_ct_STRIP=strip
ac_cv_prog_cc_c89=
ac_cv_prog_cc_g=yes
ac_cv_prog_make_make_set=yes
am_cv_CC_dependencies_compiler_type=gcc3
am_cv_make_support_nested_variables=yes
am_cv_val_LC_MESSAGES=yes
gt_cv_func_dgettext_libc=yes
gt_cv_func_dgettext_libintl=no
gt_cv_func_ngettext_libc=yes
gt_cv_have_gettext=yes
lt_cv_ar_at_file=@
lt_cv_archive_cmds_need_lc=no
lt_cv_deplibs_check_method=pass_all
lt_cv_file_magic_cmd='$MAGIC_CMD'
lt_cv_file_magic_test_file=
lt_cv_ld_reload_flag=-r
lt_cv_nm_interface='BSD nm'
lt_cv_objdir=.libs
lt_cv_path_LD=/usr/bin/ld
lt_cv_path_NM='/usr/bin/nm -B'
lt_cv_path_mainfest_tool=no
lt_cv_prog_compiler_c_o=yes
lt_cv_prog_compiler_pic='-fPIC -DPIC'
lt_cv_prog_compiler_pic_works=yes
lt_cv_prog_compiler_rtti_exceptions=no
lt_cv_prog_compiler_static_works=yes
lt_cv_prog_gnu_ld=yes
lt_cv_sharedlib_from_linklib_cmd='printf %s\n'
lt_cv_shlibpath_overrides_runpath=no
lt_cv_sys_global_symbol_pipe='sed -n -e '\''s/^.*[	 ]\([ABCDGIRSTW][ABCDGIRSTW]*\)[	 ][	 ]*\([_A-Za-z][_A-Za-z0-9]*\)$/\1 \2 \2/p'\'' | sed '\''/ __gnu_lto/d'\'''
lt_cv_sys_global_symbol_to_c_name_address='sed -n -e '\''s/^: \([^ ]*\)[ ]*$/  {\"\1\", (void *) 0},/p'\'' -e '\''s/^[ABCDGIRSTW]* \([^ ]*\) \([^ ]*\)$/  {"\2", (void *) \&\2},/p'\'''
lt_cv_sys_global_symbol_to_c_name_address_lib_prefix='sed -n -e '\''s/^: \([^ ]*\)[ ]*$/  {\"\1\", (void *) 0},/p'\'' -e '\''s/^[ABCDGIRSTW]* \([^ ]*\) \(lib[^ ]*\)$/  {"\2", (void *) \&\2},/p'\'' -e '\''s/^[ABCDGIRSTW]* \([^ ]*\) \([^ ]*\)$/  {"lib\2", (void *) \&\2},/p'\'''
lt_cv_sys_global_symbol_to_cdecl='sed -n -e '\''s/^T .* \(.*\)$/extern int \1();/p'\'' -e '\''s/^[ABCDGIRSTW]* .* \(.*\)$/extern char \1;/p'\'''
lt_cv_sys_max_cmd_len=1572864
lt_cv_to_host_file_cmd=func_convert_file_noop
lt_cv_to_tool_file_cmd=func_convert_file_noop
pkg_cv_GNEMO_CFLAGS='-pthread -I/usr/include/gtk-3.0 -I/usr/include/atk-1.0 -I/usr/include/at-spi2-atk/2.0 -I/usr/include/pango-1.0 -I/usr/include/gio-unix-2.0/ -I/usr/include/cairo -I/usr/include/gdk-pixbuf-2.0 -I/usr/include/glib-2.0 -I/usr/lib/i386-linux-gnu/glib-2.0/include -I/usr/include/freetype2 -I/usr/include/pixman-1 -I/usr/include/libpng12  '
pkg_cv_GNEMO_LIBS='-lgtk-3 -lgdk-3 -latk-1.0 -lgio-2.0 -lpangocairo-1.0 -lgdk_pixbuf-2.0 -lcairo-gobject -lpango-1.0 -lcairo -lgobject-2.0 -lglib-2.0  '

## ----------------- ##
## Output variables. ##
## ----------------- ##

ACLOCAL='${SHELL} /home/david/Mine/programming/gtk/testing/Gnemo/missing --run aclocal-1.11'
ALL_LINGUAS=''
AMDEPBACKSLASH='\'
AMDEP_FALSE='#'
AMDEP_TRUE=''
AMTAR='$${TAR-tar}'
AM_BACKSLASH='\'
AM_DEFAULT_V='$(AM_DEFAULT_VERBOSITY)'
AM_DEFAULT_VERBOSITY='0'
AM_V='$(V)'
AR='ar'
AUTOCONF='${SHELL} /home/david/Mine/programming/gtk/testing/Gnemo/missing --run autoconf'
AUTOHEADER='${SHELL} /home/david/Mine/programming/gtk/testing/Gnemo/missing --run autoheader'
AUTOMAKE='${SHELL} /home/david/Mine/programming/gtk/testing/Gnemo/missing --run automake-1.11'
AWK='gawk'
CATALOGS=''
CATOBJEXT='.gmo'
CC='gcc'
CCDEPMODE='depmode=gcc3'
CFLAGS='-g -O0'
CPP='gcc -E'
CPPFLAGS=''
CYGPATH_W='echo'
DATADIRNAME='share'
DEFS='-DHAVE_CONFIG_H'
DEPDIR='.deps'
DLLTOOL='false'
DSYMUTIL=''
DUMPBIN=''
ECHO_C=''
ECHO_N='-n'
ECHO_T=''
EGREP='/bin/grep -E'
EXEEXT=''
FGREP='/bin/grep -F'
GETTEXT_PACKAGE='gnemo'
GMOFILES=''
GMSGFMT='/usr/bin/msgfmt'
GNEMO_CFLAGS='-pthread -I/usr/include/gtk-3.0 -I/usr/include/atk-1.0 -I/usr/include/at-spi2-atk/2.0 -I/usr/include/pango-1.0 -I/usr/include/gio-unix-2.0/ -I/usr/include/cairo -I/usr/include/gdk-pixbuf-2.0 -I/usr/include/glib-2.0 -I/usr/lib/i386-linux-gnu/glib-2.0/include -I/usr/include/freetype2 -I/usr/include/pixman-1 -I/usr/include/libpng12  '
GNEMO_LIBS='-lgtk-3 -lgdk-3 -latk-1.0 -lgio-2.0 -lpangocairo-1.0 -lgdk_pixbuf-2.0 -lcairo-gobject -lpango-1.0 -lcairo -lgobject-2.0 -lglib-2.0  '
GREP='/bin/grep'
INSTALL_DATA='${INSTALL} -m 644'
INSTALL_PROGRAM='${INSTALL}'
INSTALL_SCRIPT='${INSTALL}'
INSTALL_STRIP_PROGRAM='$(install_sh) -c -s'
INSTOBJEXT='.mo'
INTLLIBS=''
INTLTOOL_CAVES_RULE='%.caves:     %.caves.in     $(INTLTOOL_MERGE) $(wildcard $(top_srcdir)/po/*.po) ; $(INTLTOOL_V_MERGE)LC_ALL=C $(INTLTOOL_MERGE) $(INTLTOOL_V_MERGE_OPTIONS) -d -u -c $(top_builddir)/po/.intltool-merge-cache $(top_srcdir)/po $< $@'
INTLTOOL_DESKTOP_RULE='%.desktop:   %.desktop.in   $(INTLTOOL_MERGE) $(wildcard $(top_srcdir)/po/*.po) ; $(INTLTOOL_V_MERGE)LC_ALL=C $(INTLTOOL_MERGE) $(INTLTOOL_V_MERGE_OPTIONS) -d -u -c $(top_builddir)/po/.intltool-merge-cache $(top_srcdir)/po $< $@'
INTLTOOL_DIRECTORY_RULE='%.directory: %.directory.in $(INTLTOOL_MERGE) $(wildcard $(top_srcdir)/po/*.po) ; $(INTLTOOL_V_MERGE)LC_ALL=C $(INTLTOOL_MERGE) $(INTLTOOL_V_MERGE_OPTIONS) -d -u -c $(top_builddir)/po/.intltool-merge-cache $(top_srcdir)/po $< $@'
INTLTOOL_EXTRACT='/usr/bin/intltool-extract'
INTLTOOL_KBD_RULE='%.kbd:       %.kbd.in       $(INTLTOOL_MERGE) $(wildcard $(top_srcdir)/po/*.po) ; $(INTLTOOL_V_MERGE)LC_ALL=C $(INTLTOOL_MERGE) $(INTLTOOL_V_MERGE_OPTIONS) -x -u -m -c $(top_builddir)/po/.intltool-merge-cache $(top_srcdir)/po $< $@'
INTLTOOL_KEYS_RULE='%.keys:      %.keys.in      $(INTLTOOL_MERGE) $(wildcard $(top_srcdir)/po/*.po) ; $(INTLTOOL_V_MERGE)LC_ALL=C $(INTLTOOL_MERGE) $(INTLTOOL_V_MERGE_OPTIONS) -k -u -c $(top_builddir)/po/.intltool-merge-cache $(top_srcdir)/po $< $@'
INTLTOOL_MERGE='/usr/bin/intltool-merge'
INTLTOOL_OAF_RULE='%.oaf:       %.oaf.in       $(INTLTOOL_MERGE) $(wildcard $(top_srcdir)/po/*.po) ; $(INTLTOOL_V_MERGE)LC_ALL=C $(INTLTOOL_MERGE) $(INTLTOOL_V_MERGE_OPTIONS) -o -p $(top_srcdir)/po $< $@'
INTLTOOL_PERL='/usr/bin/perl'
INTLTOOL_POLICY_RULE='%.policy:    %.policy.in    $(INTLTOOL_MERGE) $(wildcard $(top_srcdir)/po/*.po) ; $(INTLTOOL_V_MERGE)LC_ALL=C $(INTLTOOL_MERGE) $(INTLTOOL_V_MERGE_OPTIONS) -x -u -c $(top_builddir)/po/.intltool-merge-cache $(top_srcdir)/po $< $@'
INTLTOOL_PONG_RULE='%.pong:      %.pong.in      $(INTLTOOL_MERGE) $(wildcard $(top_srcdir)/po/*.po) ; $(INTLTOOL_V_MERGE)LC_ALL=C $(INTLTOOL_MERGE) $(INTLTOOL_V_MERGE_OPTIONS) -x -u -c $(top_builddir)/po/.intltool-merge-cache $(top_srcdir)/po $< $@'
INTLTOOL_PROP_RULE='%.prop:      %.prop.in      $(INTLTOOL_MERGE) $(wildcard $(top_srcdir)/po/*.po) ; $(INTLTOOL_V_MERGE)LC_ALL=C $(INTLTOOL_MERGE) $(INTLTOOL_V_MERGE_OPTIONS) -d -u -c $(top_builddir)/po/.intltool-merge-cache $(top_srcdir)/po $< $@'
INTLTOOL_SCHEMAS_RULE='%.schemas:   %.schemas.in   $(INTLTOOL_MERGE) $(wildcard $(top_srcdir)/po/*.po) ; $(INTLTOOL_V_MERGE)LC_ALL=C $(INTLTOOL_MERGE) $(INTLTOOL_V_MERGE_OPTIONS) -s -u -c $(top_builddir)/po/.intltool-merge-cache $(top_srcdir)/po $< $@'
INTLTOOL_SERVER_RULE='%.server:    %.server.in    $(INTLTOOL_MERGE) $(wildcard $(top_srcdir)/po/*.po) ; $(INTLTOOL_V_MERGE)LC_ALL=C $(INTLTOOL_MERGE) $(INTLTOOL_V_MERGE_OPTIONS) -o -u -c $(top_builddir)/po/.intltool-merge-cache $(top_srcdir)/po $< $@'
INTLTOOL_SERVICE_RULE='%.service: %.service.in   $(INTLTOOL_MERGE) $(wildcard $(top_srcdir)/po/*.po) ; $(INTLTOOL_V_MERGE)LC_ALL=C $(INTLTOOL_MERGE) $(INTLTOOL_V_MERGE_OPTIONS) -d -u -c $(top_builddir)/po/.intltool-merge-cache $(top_srcdir)/po $< $@'
INTLTOOL_SHEET_RULE='%.sheet:     %.sheet.in     $(INTLTOOL_MERGE) $(wildcard $(top_srcdir)/po/*.po) ; $(INTLTOOL_V_MERGE)LC_ALL=C $(INTLTOOL_MERGE) $(INTLTOOL_V_MERGE_OPTIONS) -x -u -c $(top_builddir)/po/.intltool-merge-cache $(top_srcdir)/po $< $@'
INTLTOOL_SOUNDLIST_RULE='%.soundlist: %.soundlist.in $(INTLTOOL_MERGE) $(wildcard $(top_srcdir)/po/*.po) ; $(INTLTOOL_V_MERGE)LC_ALL=C $(INTLTOOL_MERGE) $(INTLTOOL_V_MERGE_OPTIONS) -d -u -c $(top_builddir)/po/.intltool-merge-cache $(top_srcdir)/po $< $@'
INTLTOOL_THEME_RULE='%.theme:     %.theme.in     $(INTLTOOL_MERGE) $(wildcard $(top_srcdir)/po/*.po) ; $(INTLTOOL_V_MERGE)LC_ALL=C $(INTLTOOL_MERGE) $(INTLTOOL_V_MERGE_OPTIONS) -d -u -c $(top_builddir)/po/.intltool-merge-cache $(top_srcdir)/po $< $@'
INTLTOOL_UI_RULE='%.ui:        %.ui.in        $(INTLTOOL_MERGE) $(wildcard $(top_srcdir)/po/*.po) ; $(INTLTOOL_V_MERGE)LC_ALL=C $(INTLTOOL_MERGE) $(INTLTOOL_V_MERGE_OPTIONS) -x -u -c $(top_builddir)/po/.intltool-merge-cache $(top_srcdir)/po $< $@'
INTLTOOL_UPDATE='/usr/bin/intltool-update'
INTLTOOL_V_MERGE='$(INTLTOOL__v_MERGE_$(V))'
INTLTOOL_V_MERGE_OPTIONS='$(intltool__v_merge_options_$(V))'
INTLTOOL_XAM_RULE='%.xam:       %.xml.in       $(INTLTOOL_MERGE) $(wildcard $(top_srcdir)/po/*.po) ; $(INTLTOOL_V_MERGE)LC_ALL=C $(INTLTOOL_MERGE) $(INTLTOOL_V_MERGE_OPTIONS) -x -u -c $(top_builddir)/po/.intltool-merge-cache $(top_srcdir)/po $< $@'
INTLTOOL_XML_NOMERGE_RULE='%.xml:       %.xml.in       $(INTLTOOL_MERGE) ; $(INTLTOOL_V_MERGE)LC_ALL=C $(INTLTOOL_MERGE) $(INTLTOOL_V_MERGE_OPTIONS) -x -u --no-translations $< $@'
INTLTOOL_XML_RULE='%.xml:       %.xml.in       $(INTLTOOL_MERGE) $(wildcard $(top_srcdir)/po/*.po) ; $(INTLTOOL_V_MERGE)LC_ALL=C $(INTLTOOL_MERGE) $(INTLTOOL_V_MERGE_OPTIONS) -x -u -c $(top_builddir)/po/.intltool-merge-cache $(top_srcdir)/po $< $@'
INTLTOOL__v_MERGE_0='@echo "  ITMRG " $@;'
INTLTOOL__v_MERGE_='$(INTLTOOL__v_MERGE_$(AM_DEFAULT_VERBOSITY))'
LD='/usr/bin/ld'
LDFLAGS=''
LIBOBJS=''
LIBS=''
LIBTOOL='$(SHELL) $(top_builddir)/libtool'
LIPO=''
LN_S='ln -s'
LTLIBOBJS=''
MAKEINFO='${SHELL} /home/david/Mine/programming/gtk/testing/Gnemo/missing --run makeinfo'
MANIFEST_TOOL=':'
MKDIR_P='/bin/mkdir -p'
MKINSTALLDIRS='/home/david/Mine/programming/gtk/testing/Gnemo/mkinstalldirs'
MSGFMT='/usr/bin/msgfmt'
MSGFMT_OPTS='-c'
MSGMERGE='/usr/bin/msgmerge'
NM='/usr/bin/nm -B'
NMEDIT=''
OBJDUMP='objdump'
OBJEXT='o'
OTOOL64=''
OTOOL=''
PACKAGE='gnemo'
PACKAGE_BUGREPORT=''
PACKAGE_NAME='gnemo'
PACKAGE_STRING='gnemo 0.1'
PACKAGE_TARNAME='gnemo'
PACKAGE_URL=''
PACKAGE_VERSION='0.1'
PATH_SEPARATOR=':'
PKG_CONFIG='/usr/bin/pkg-config'
PKG_CONFIG_LIBDIR=''
PKG_CONFIG_PATH=''
POFILES=''
POSUB='po'
PO_IN_DATADIR_FALSE=''
PO_IN_DATADIR_TRUE=''
RANLIB='ranlib'
SED='/bin/sed'
SET_MAKE=''
SHELL='/bin/bash'
STRIP='strip'
USE_NLS='yes'
VERSION='0.1'
XGETTEXT='/usr/bin/xgettext'
ac_ct_AR='ar'
ac_ct_CC='gcc'
ac_ct_DUMPBIN=''
am__EXEEXT_FALSE=''
am__EXEEXT_TRUE='#'
am__fastdepCC_FALSE='#'
am__fastdepCC_TRUE=''
am__include='include'
am__isrc=' -I$(srcdir)'
am__leading_dot='.'
am__nodep='_no'
am__quote=''
am__tar='$${TAR-tar} chof - "$$tardir"'
am__untar='$${TAR-tar} xf -'
bindir='${exec_prefix}/bin'
build='i686-pc-linux-gnu'
build_alias=''
build_cpu='i686'
build_os='linux-gnu'
build_vendor='pc'
datadir='${datarootdir}'
datarootdir='${prefix}/share'
docdir='${datarootdir}/doc/${PACKAGE_TARNAME}'
dvidir='${docdir}'
exec_prefix='${prefix}'
host='i686-pc-linux-gnu'
host_alias=''
host_cpu='i686'
host_os='linux-gnu'
host_vendor='pc'
htmldir='${docdir}'
includedir='${prefix}/include'
infodir='${datarootdir}/info'
install_sh='${SHELL} /home/david/Mine/programming/gtk/testing/Gnemo/install-sh'
intltool__v_merge_options_0='-q'
intltool__v_merge_options_='$(intltool__v_merge_options_$(AM_DEFAULT_VERBOSITY))'
libdir='${exec_prefix}/lib'
libexecdir='${exec_prefix}/libexec'
localedir='${datarootdir}/locale'
localstatedir='${prefix}/var'
mandir='${datarootdir}/man'
mkdir_p='/bin/mkdir -p'
oldincludedir='/usr/include'
pdfdir='${docdir}'
prefix='/usr/local'
program_transform_name='s,x,x,'
psdir='${docdir}'
sbindir='${exec_prefix}/sbin'
sharedstatedir='${prefix}/com'
sysconfdir='${prefix}/etc'
target_alias=''

## ----------- ##
## confdefs.h. ##
## ----------- ##

/* confdefs.h */
#define PACKAGE_NAME "gnemo"
#define PACKAGE_TARNAME "gnemo"
#define PACKAGE_VERSION "0.1"
#define PACKAGE_STRING "gnemo 0.1"
#define PACKAGE_BUGREPORT ""
#define PACKAGE_URL ""
#define PACKAGE "gnemo"
#define VERSION "0.1"
#define GETTEXT_PACKAGE "gnemo"
#define STDC_HEADERS 1
#define HAVE_SYS_TYPES_H 1
#define HAVE_SYS_STAT_H 1
#define HAVE_STDLIB_H 1
#define HAVE_STRING_H 1
#define HAVE_MEMORY_H 1
#define HAVE_STRINGS_H 1
#define HAVE_INTTYPES_H 1
#define HAVE_STDINT_H 1
#define HAVE_UNISTD_H 1
#define HAVE_LOCALE_H 1
#define HAVE_LC_MESSAGES 1
#define HAVE_BIND_TEXTDOMAIN_CODESET 1
#define HAVE_GETTEXT 1
#define HAVE_DCGETTEXT 1
#define ENABLE_NLS 1
#define HAVE_DLFCN_H 1
#define LT_OBJDIR ".libs/"

configure: exit 0

## ---------------------- ##
## Running config.status. ##
## ---------------------- ##

This file was extended by gnemo config.status 0.1, which was
generated by GNU Autoconf 2.69.  Invocation command line was

  CONFIG_FILES    = 
  CONFIG_HEADERS  = 
  CONFIG_LINKS    = 
  CONFIG_COMMANDS = 
  $ ./config.status src/Makefile depfiles

on david

config.status:1166: creating src/Makefile
config.status:1380: executing depfiles commands

## ---------------------- ##
## Running config.status. ##
## ---------------------- ##

This file was extended by gnemo config.status 0.1, which was
generated by GNU Autoconf 2.69.  Invocation command line was

  CONFIG_FILES    = 
  CONFIG_HEADERS  = 
  CONFIG_LINKS    = 
  CONFIG_COMMANDS = 
  $ ./config.status src/Makefile depfiles

on david

config.status:1166: creating src/Makefile
config.status:1380: executing depfiles commands
